Using pre-set license
Built from '2022.1/staging' branch; Version is '2022.1.20f1 (01d83b40d570) revision 120891'; Using compiler version '192829333'; Build Type 'Release'
OS: 'Windows 10  (10.0.19044) 64bit Professional' Language: 'hu' Physical Memory: 8002 MB
BatchMode: 1, IsHumanControllingUs: 0, StartBugReporterOnCrash: 0, Is64bit: 1, IsPro: 1

COMMAND LINE ARGUMENTS:
C:\Program Files\Unity\Hub\Editor\2022.1.20f1\Editor\Unity.exe
-adb2
-batchMode
-noUpm
-name
AssetImportWorker0
-projectPath
D:/Repos/Elevate
-logFile
Logs/AssetImportWorker0.log
-srvPort
49969
Successfully changed project path to: D:/Repos/Elevate
D:/Repos/Elevate
[UnityMemory] Configuration Parameters - Can be set up in boot.config
    "memorysetup-bucket-allocator-granularity=16"
    "memorysetup-bucket-allocator-bucket-count=8"
    "memorysetup-bucket-allocator-block-size=33554432"
    "memorysetup-bucket-allocator-block-count=8"
    "memorysetup-main-allocator-block-size=16777216"
    "memorysetup-thread-allocator-block-size=16777216"
    "memorysetup-gfx-main-allocator-block-size=16777216"
    "memorysetup-gfx-thread-allocator-block-size=16777216"
    "memorysetup-cache-allocator-block-size=4194304"
    "memorysetup-typetree-allocator-block-size=2097152"
    "memorysetup-profiler-bucket-allocator-granularity=16"
    "memorysetup-profiler-bucket-allocator-bucket-count=8"
    "memorysetup-profiler-bucket-allocator-block-size=33554432"
    "memorysetup-profiler-bucket-allocator-block-count=8"
    "memorysetup-profiler-allocator-block-size=16777216"
    "memorysetup-profiler-editor-allocator-block-size=1048576"
    "memorysetup-temp-allocator-size-main=16777216"
    "memorysetup-job-temp-allocator-block-size=2097152"
    "memorysetup-job-temp-allocator-block-size-background=1048576"
    "memorysetup-job-temp-allocator-reduction-small-platforms=262144"
    "memorysetup-temp-allocator-size-background-worker=32768"
    "memorysetup-temp-allocator-size-job-worker=262144"
    "memorysetup-temp-allocator-size-preload-manager=33554432"
    "memorysetup-temp-allocator-size-nav-mesh-worker=65536"
    "memorysetup-temp-allocator-size-audio-worker=65536"
    "memorysetup-temp-allocator-size-cloud-worker=32768"
    "memorysetup-temp-allocator-size-gi-baking-worker=262144"
    "memorysetup-temp-allocator-size-gfx=262144"
Refreshing native plugins compatible for Editor in 76.94 ms, found 3 plugins.
Preloading 0 native plugins for Editor in 0.00 ms.
Initialize engine version: 2022.1.20f1 (01d83b40d570)
[Subsystems] Discovering subsystems at path C:/Program Files/Unity/Hub/Editor/2022.1.20f1/Editor/Data/Resources/UnitySubsystems
[Subsystems] Discovering subsystems at path D:/Repos/Elevate/Assets
GfxDevice: creating device client; threaded=0; jobified=0
Direct3D:
    Version:  Direct3D 11.0 [level 11.1]
    Renderer: NVIDIA GeForce GTX 1660 Ti with Max-Q Design (ID=0x2191)
    Vendor:   NVIDIA
    VRAM:     5991 MB
    Driver:   30.0.15.1272
Initialize mono
Mono path[0] = 'C:/Program Files/Unity/Hub/Editor/2022.1.20f1/Editor/Data/Managed'
Mono path[1] = 'C:/Program Files/Unity/Hub/Editor/2022.1.20f1/Editor/Data/MonoBleedingEdge/lib/mono/unityjit-win32'
Mono config path = 'C:/Program Files/Unity/Hub/Editor/2022.1.20f1/Editor/Data/MonoBleedingEdge/etc'
Using monoOptions --debugger-agent=transport=dt_socket,embedding=1,server=y,suspend=n,address=127.0.0.1:56456
Begin MonoManager ReloadAssembly
Registering precompiled unity dll's ...
Register platform support module: C:/Program Files/Unity/Hub/Editor/2022.1.20f1/Editor/Data/PlaybackEngines/AndroidPlayer/UnityEditor.Android.Extensions.dll
Register platform support module: C:/Program Files/Unity/Hub/Editor/2022.1.20f1/Editor/Data/PlaybackEngines/WindowsStandaloneSupport/UnityEditor.WindowsStandalone.Extensions.dll
Registered in 0.011655 seconds.
Native extension for WindowsStandalone target not found
Native extension for Android target not found
Refreshing native plugins compatible for Editor in 59.08 ms, found 3 plugins.
Preloading 0 native plugins for Editor in 0.00 ms.
Mono: successfully reloaded assembly
- Completed reload, in  0.858 seconds
Domain Reload Profiling:
	ReloadAssembly (858ms)
		BeginReloadAssembly (130ms)
			ExecutionOrderSort (0ms)
			DisableScriptedObjects (0ms)
			BackupInstance (0ms)
			ReleaseScriptingObjects (0ms)
			CreateAndSetChildDomain (1ms)
		EndReloadAssembly (599ms)
			LoadAssemblies (128ms)
			RebuildTransferFunctionScriptingTraits (0ms)
			SetupTypeCache (142ms)
				TypeCache.Initialize (142ms)
					TypeCache.ScanAssembly (140ms)
				ResolveRequiredComponents (1ms)
			ReleaseScriptCaches (0ms)
			RebuildScriptCaches (30ms)
			SetupLoadedEditorAssemblies (366ms)
				LogAssemblyErrors (0ms)
				InitializePlatformSupportModulesInManaged (74ms)
				SetLoadedEditorAssemblies (11ms)
				RefreshPlugins (59ms)
				BeforeProcessingInitializeOnLoad (2ms)
				ProcessInitializeOnLoadAttributes (137ms)
				ProcessInitializeOnLoadMethodAttributes (84ms)
				AfterProcessingInitializeOnLoad (0ms)
				EditorAssembliesLoaded (0ms)
			ExecutionOrderSort2 (0ms)
			AwakeInstancesAfterBackupRestoration (0ms)
Platform modules already initialized, skipping
Registering precompiled user dll's ...
Registered in 0.189225 seconds.
Android Extension - Scanning For ADB Devices 734 ms
Begin MonoManager ReloadAssembly
Native extension for WindowsStandalone target not found
Native extension for Android target not found
Refreshing native plugins compatible for Editor in 61.36 ms, found 3 plugins.
Preloading 0 native plugins for Editor in 0.00 ms.
Mono: successfully reloaded assembly
- Completed reload, in  2.755 seconds
Domain Reload Profiling:
	ReloadAssembly (2756ms)
		BeginReloadAssembly (175ms)
			ExecutionOrderSort (0ms)
			DisableScriptedObjects (6ms)
			BackupInstance (0ms)
			ReleaseScriptingObjects (0ms)
			CreateAndSetChildDomain (29ms)
		EndReloadAssembly (2381ms)
			LoadAssemblies (1408ms)
			RebuildTransferFunctionScriptingTraits (0ms)
			SetupTypeCache (303ms)
				TypeCache.Initialize (290ms)
					TypeCache.ScanAssembly (285ms)
				ResolveRequiredComponents (14ms)
			ReleaseScriptCaches (1ms)
			RebuildScriptCaches (103ms)
			SetupLoadedEditorAssemblies (481ms)
				LogAssemblyErrors (0ms)
				InitializePlatformSupportModulesInManaged (16ms)
				SetLoadedEditorAssemblies (7ms)
				RefreshPlugins (61ms)
				BeforeProcessingInitializeOnLoad (93ms)
				ProcessInitializeOnLoadAttributes (254ms)
				ProcessInitializeOnLoadMethodAttributes (41ms)
				AfterProcessingInitializeOnLoad (7ms)
				EditorAssembliesLoaded (0ms)
			ExecutionOrderSort2 (0ms)
			AwakeInstancesAfterBackupRestoration (7ms)
Platform modules already initialized, skipping
========================================================================
Worker process is ready to serve import requests
Launched and connected shader compiler UnityShaderCompiler.exe after 0.12 seconds
Refreshing native plugins compatible for Editor in 1.07 ms, found 3 plugins.
Preloading 0 native plugins for Editor in 0.00 ms.
Unloading 2545 Unused Serialized files (Serialized files now loaded: 0)
Unloading 34 unused Assets / (58.3 KB). Loaded Objects now: 3009.
Memory consumption went from 420.4 MB to 420.3 MB.
Total: 4.458400 ms (FindLiveObjects: 0.283900 ms CreateObjectMapping: 0.181200 ms MarkObjects: 3.879700 ms  DeleteObjects: 0.112000 ms)

AssetImportParameters requested are different than current active one (requested -> active):
  custom:video-decoder-ogg-theora: a1e56fd34408186e4bbccfd4996cb3dc -> 
  custom:container-muxer-webm: aa71ff27fc2769a1b78a27578f13a17b -> 
  custom:container-demuxer-webm: 4f35f7cbe854078d1ac9338744f61a02 -> 
  custom:video-encoder-webm-vp8: eb34c28f22e8b96e1ab97ce403110664 -> 
  custom:audio-encoder-webm-vorbis: bf7c407c2cedff20999df2af8eb42d56 -> 
  custom:framework-win-MediaFoundation: 216162199b28c13a410421893ffa2e32 -> 
  custom:container-demuxer-ogg: 62fdf1f143b41e24485cea50d1cbac27 -> 
  custom:video-decoder-webm-vp8: 9c59270c3fd7afecdb556c50c9e8de78 -> 
  custom:audio-decoder-ogg-vorbis: bf7c407c2cedff20999df2af8eb42d56 -> 
========================================================================
Received Import Request.
  Time since last request: 12175.094908 seconds.
  path: Assets/Sprites/SPLASH.jpg
  artifactKey: Guid(c554f33a1c9f5914a99e0544fc8e8f32) Importer(815301076,1909f56bfc062723c751e8b465ee728b)
Start importing Assets/Sprites/SPLASH.jpg using Guid(c554f33a1c9f5914a99e0544fc8e8f32) Importer(815301076,1909f56bfc062723c751e8b465ee728b)  -> (artifact id: '1583af7d9f83ca2d4af5789906504f9e') in 0.616569 seconds 
========================================================================
Received Import Request.
  Time since last request: 30.718373 seconds.
  path: Assets/Packages/Puzzle stage & settings GUI Pack/Image_green/+.png
  artifactKey: Guid(1345c0f7b87d2d14d9ee89951de86f7c) Importer(815301076,1909f56bfc062723c751e8b465ee728b)
Start importing Assets/Packages/Puzzle stage & settings GUI Pack/Image_green/+.png using Guid(1345c0f7b87d2d14d9ee89951de86f7c) Importer(815301076,1909f56bfc062723c751e8b465ee728b)  -> (artifact id: '355556833dd0d8e6dc8056428cb5ab1b') in 0.102149 seconds 
========================================================================
Received Import Request.
  Time since last request: 0.000099 seconds.
  path: Assets/Packages/Puzzle stage & settings GUI Pack/Image_red/+.png
  artifactKey: Guid(082ac95b597b5f049906d7f139728c63) Importer(815301076,1909f56bfc062723c751e8b465ee728b)
Start importing Assets/Packages/Puzzle stage & settings GUI Pack/Image_red/+.png using Guid(082ac95b597b5f049906d7f139728c63) Importer(815301076,1909f56bfc062723c751e8b465ee728b)  -> (artifact id: '9fc69a3dc63deb78e9711d09e8c2b2ac') in 0.112600 seconds 
========================================================================
Received Import Request.
  Time since last request: 0.000024 seconds.
  path: Assets/Packages/Puzzle stage & settings GUI Pack/Image_purple/+.png
  artifactKey: Guid(cb1269b815d452547a35ac09eb689c77) Importer(815301076,1909f56bfc062723c751e8b465ee728b)
Start importing Assets/Packages/Puzzle stage & settings GUI Pack/Image_purple/+.png using Guid(cb1269b815d452547a35ac09eb689c77) Importer(815301076,1909f56bfc062723c751e8b465ee728b)  -> (artifact id: '6127482e1bbcbe872adc3f93d61baafd') in 0.142227 seconds 
========================================================================
Received Import Request.
  Time since last request: 0.000021 seconds.
  path: Assets/Packages/Puzzle stage & settings GUI Pack/Image_pink/txt/0.png
  artifactKey: Guid(242579e1a2807f545ac51a76630c4dd4) Importer(815301076,1909f56bfc062723c751e8b465ee728b)
Start importing Assets/Packages/Puzzle stage & settings GUI Pack/Image_pink/txt/0.png using Guid(242579e1a2807f545ac51a76630c4dd4) Importer(815301076,1909f56bfc062723c751e8b465ee728b)  -> (artifact id: 'e66d44111d9471687155934dbe4085ce') in 0.031751 seconds 
========================================================================
Received Import Request.
  Time since last request: 0.000024 seconds.
  path: Assets/Packages/Puzzle stage & settings GUI Pack/Image_pink/+.png
  artifactKey: Guid(ed98146e191ebea478de2e678fc43516) Importer(815301076,1909f56bfc062723c751e8b465ee728b)
Start importing Assets/Packages/Puzzle stage & settings GUI Pack/Image_pink/+.png using Guid(ed98146e191ebea478de2e678fc43516) Importer(815301076,1909f56bfc062723c751e8b465ee728b)  -> (artifact id: '0191fc4318f5610b872653e9a72a00e9') in 0.111682 seconds 
========================================================================
Received Import Request.
  Time since last request: 0.834056 seconds.
  path: Assets/Logo/Game the ball game logo.psd
  artifactKey: Guid(88651a8b44f537c48951f804324587e2) Importer(815301076,1909f56bfc062723c751e8b465ee728b)
Start importing Assets/Logo/Game the ball game logo.psd using Guid(88651a8b44f537c48951f804324587e2) Importer(815301076,1909f56bfc062723c751e8b465ee728b)  -> (artifact id: 'b1f8467e2550b4b4a204edbc8af06935') in 0.055181 seconds 
========================================================================
Received Import Request.
  Time since last request: 7.714374 seconds.
  path: Assets/Packages/Puzzle stage & settings GUI Pack/Image_orange/Text/speed.png
  artifactKey: Guid(c0bc846011c094949af1e1842ac7cb2a) Importer(815301076,1909f56bfc062723c751e8b465ee728b)
Start importing Assets/Packages/Puzzle stage & settings GUI Pack/Image_orange/Text/speed.png using Guid(c0bc846011c094949af1e1842ac7cb2a) Importer(815301076,1909f56bfc062723c751e8b465ee728b)  -> (artifact id: '2384354dc044aafff0ad315c68401d1e') in 0.057323 seconds 
========================================================================
Received Import Request.
  Time since last request: 0.000020 seconds.
  path: Assets/Packages/Puzzle stage & settings GUI Pack/Image_blue/text/speed.png
  artifactKey: Guid(39c67664b21e4e3418ef037da8d44dee) Importer(815301076,1909f56bfc062723c751e8b465ee728b)
Start importing Assets/Packages/Puzzle stage & settings GUI Pack/Image_blue/text/speed.png using Guid(39c67664b21e4e3418ef037da8d44dee) Importer(815301076,1909f56bfc062723c751e8b465ee728b)  -> (artifact id: '52edaa6c96e1546f88d35950a96e0fa3') in 0.313273 seconds 
========================================================================
Received Import Request.
  Time since last request: 0.000026 seconds.
  path: Assets/Packages/Puzzle stage & settings GUI Pack/Image_pink/stage.png
  artifactKey: Guid(e64be39d74fdaa14c95dc086f2ef1f74) Importer(815301076,1909f56bfc062723c751e8b465ee728b)
Start importing Assets/Packages/Puzzle stage & settings GUI Pack/Image_pink/stage.png using Guid(e64be39d74fdaa14c95dc086f2ef1f74) Importer(815301076,1909f56bfc062723c751e8b465ee728b)  -> (artifact id: '1b42df93913f71e098b5df64246fd656') in 0.047956 seconds 
========================================================================
Received Import Request.
  Time since last request: 0.000020 seconds.
  path: Assets/Sprites/Square.png
  artifactKey: Guid(b1af471d8b81e88488adece0dff88279) Importer(815301076,1909f56bfc062723c751e8b465ee728b)
Start importing Assets/Sprites/Square.png using Guid(b1af471d8b81e88488adece0dff88279) Importer(815301076,1909f56bfc062723c751e8b465ee728b)  -> (artifact id: 'bf3ce1516f6c49f47c22d884d3244d24') in 0.119388 seconds 
========================================================================
Received Import Request.
  Time since last request: 0.707592 seconds.
  path: Assets/Packages/Puzzle stage & settings GUI Pack/Image_pink/txt/speed.png
  artifactKey: Guid(98f3653e755b9524fa87c923535a17ae) Importer(815301076,1909f56bfc062723c751e8b465ee728b)
Start importing Assets/Packages/Puzzle stage & settings GUI Pack/Image_pink/txt/speed.png using Guid(98f3653e755b9524fa87c923535a17ae) Importer(815301076,1909f56bfc062723c751e8b465ee728b)  -> (artifact id: 'e1128a640e05ba0901f013a65775b1dd') in 0.151459 seconds 
========================================================================
Received Import Request.
  Time since last request: 0.000019 seconds.
  path: Assets/Packages/Puzzle stage & settings GUI Pack/Image_green/s_button/sound1.png
  artifactKey: Guid(e5fd1c7f9a70b5449ab5329754ec2f95) Importer(815301076,1909f56bfc062723c751e8b465ee728b)
Start importing Assets/Packages/Puzzle stage & settings GUI Pack/Image_green/s_button/sound1.png using Guid(e5fd1c7f9a70b5449ab5329754ec2f95) Importer(815301076,1909f56bfc062723c751e8b465ee728b)  -> (artifact id: '002ad27f74c862643c2c615a9e55ce2f') in 0.130494 seconds 
========================================================================
Received Import Request.
  Time since last request: 0.000028 seconds.
  path: Assets/Packages/Puzzle stage & settings GUI Pack/Image_pink/s_b/sound1.png
  artifactKey: Guid(c608052aafc86984ca82923076934258) Importer(815301076,1909f56bfc062723c751e8b465ee728b)
Start importing Assets/Packages/Puzzle stage & settings GUI Pack/Image_pink/s_b/sound1.png using Guid(c608052aafc86984ca82923076934258) Importer(815301076,1909f56bfc062723c751e8b465ee728b)  -> (artifact id: '4a70dab813bd6f15c2a43b0c5bcfec56') in 0.199513 seconds 
========================================================================
Received Import Request.
  Time since last request: 0.000018 seconds.
  path: Assets/Packages/Puzzle stage & settings GUI Pack/Image_pink/s_b/share.png
  artifactKey: Guid(ef9eb17e7f31f1b478aa2a89760416c9) Importer(815301076,1909f56bfc062723c751e8b465ee728b)
Start importing Assets/Packages/Puzzle stage & settings GUI Pack/Image_pink/s_b/share.png using Guid(ef9eb17e7f31f1b478aa2a89760416c9) Importer(815301076,1909f56bfc062723c751e8b465ee728b)  -> (artifact id: '40447060da1c27d9c2a52f2e845ea9c9') in 0.108241 seconds 
========================================================================
Received Import Request.
  Time since last request: 0.000028 seconds.
  path: Assets/Packages/Puzzle stage & settings GUI Pack/Image_purple/sound.png
  artifactKey: Guid(7a392473fb9b22b4c9422cc51bd5aebe) Importer(815301076,1909f56bfc062723c751e8b465ee728b)
Start importing Assets/Packages/Puzzle stage & settings GUI Pack/Image_purple/sound.png using Guid(7a392473fb9b22b4c9422cc51bd5aebe) Importer(815301076,1909f56bfc062723c751e8b465ee728b)  -> (artifact id: '862530d3cdd79961bdc761ca50174ba7') in 0.076472 seconds 
========================================================================
Received Import Request.
  Time since last request: 0.000024 seconds.
  path: Assets/Packages/Puzzle stage & settings GUI Pack/Image_red/txt/sound.png
  artifactKey: Guid(3355ba180dcf01f47b568088cd8f1b58) Importer(815301076,1909f56bfc062723c751e8b465ee728b)
Start importing Assets/Packages/Puzzle stage & settings GUI Pack/Image_red/txt/sound.png using Guid(3355ba180dcf01f47b568088cd8f1b58) Importer(815301076,1909f56bfc062723c751e8b465ee728b)  -> (artifact id: '77ddab9e2983fc7abb26e4e529e188de') in 0.041157 seconds 
========================================================================
Received Import Request.
  Time since last request: 0.000036 seconds.
  path: Assets/Packages/Puzzle stage & settings GUI Pack/Image_green/s_button/share.png
  artifactKey: Guid(8dda5d6d2e7ce8e4dac748d4b90131eb) Importer(815301076,1909f56bfc062723c751e8b465ee728b)
Start importing Assets/Packages/Puzzle stage & settings GUI Pack/Image_green/s_button/share.png using Guid(8dda5d6d2e7ce8e4dac748d4b90131eb) Importer(815301076,1909f56bfc062723c751e8b465ee728b)  -> (artifact id: 'd061a4333d6e1d492b16ed3bca56c5c7') in 0.317782 seconds 
========================================================================
Received Import Request.
  Time since last request: 0.000030 seconds.
  path: Assets/Packages/Puzzle stage & settings GUI Pack/Image_red/s_b/shop.png
  artifactKey: Guid(8f058d5e7842192449274996d0e2b5ff) Importer(815301076,1909f56bfc062723c751e8b465ee728b)
Start importing Assets/Packages/Puzzle stage & settings GUI Pack/Image_red/s_b/shop.png using Guid(8f058d5e7842192449274996d0e2b5ff) Importer(815301076,1909f56bfc062723c751e8b465ee728b)  -> (artifact id: '3352f68da5613a73c358836e65dd0a9f') in 0.120096 seconds 
========================================================================
Received Import Request.
  Time since last request: 0.000027 seconds.
  path: Assets/Packages/Puzzle stage & settings GUI Pack/Image_blue/s_button/shop.png
  artifactKey: Guid(63f091fd3bbfd7a4f883d710a078b876) Importer(815301076,1909f56bfc062723c751e8b465ee728b)
Start importing Assets/Packages/Puzzle stage & settings GUI Pack/Image_blue/s_button/shop.png using Guid(63f091fd3bbfd7a4f883d710a078b876) Importer(815301076,1909f56bfc062723c751e8b465ee728b)  -> (artifact id: 'f058e233098e109c13e12d97093606ca') in 0.108422 seconds 
========================================================================
Received Import Request.
  Time since last request: 0.000020 seconds.
  path: Assets/Packages/Puzzle stage & settings GUI Pack/Image_green/text/speed.png
  artifactKey: Guid(5e95711fdc3365e488481923dd5c383a) Importer(815301076,1909f56bfc062723c751e8b465ee728b)
Start importing Assets/Packages/Puzzle stage & settings GUI Pack/Image_green/text/speed.png using Guid(5e95711fdc3365e488481923dd5c383a) Importer(815301076,1909f56bfc062723c751e8b465ee728b)  -> (artifact id: '8288b96d6c947b7b6183305f836b616c') in 0.094118 seconds 
========================================================================
Received Import Request.
  Time since last request: 0.000089 seconds.
  path: Assets/Packages/Puzzle stage & settings GUI Pack/Image_purple/Square button/sound1.png
  artifactKey: Guid(efb2f69b3eb9b66448e156fb6849d283) Importer(815301076,1909f56bfc062723c751e8b465ee728b)
Start importing Assets/Packages/Puzzle stage & settings GUI Pack/Image_purple/Square button/sound1.png using Guid(efb2f69b3eb9b66448e156fb6849d283) Importer(815301076,1909f56bfc062723c751e8b465ee728b)  -> (artifact id: '617788aad19939d41185e8e227df4c7c') in 0.119489 seconds 
========================================================================
Received Import Request.
  Time since last request: 0.181152 seconds.
  path: Assets/Packages/Puzzle stage & settings GUI Pack/Image_red/b/resume.png
  artifactKey: Guid(1e20aff5175b83c46b71508947ab2214) Importer(815301076,1909f56bfc062723c751e8b465ee728b)
Start importing Assets/Packages/Puzzle stage & settings GUI Pack/Image_red/b/resume.png using Guid(1e20aff5175b83c46b71508947ab2214) Importer(815301076,1909f56bfc062723c751e8b465ee728b)  -> (artifact id: '93e7dc5b86a32d9484bf56c350998b84') in 0.397562 seconds 
========================================================================
Received Import Request.
  Time since last request: 0.000023 seconds.
  path: Assets/Packages/Puzzle stage & settings GUI Pack/Image_purple/Square button/return.png
  artifactKey: Guid(287a8f44e28aa44408df4b48d8489112) Importer(815301076,1909f56bfc062723c751e8b465ee728b)
Start importing Assets/Packages/Puzzle stage & settings GUI Pack/Image_purple/Square button/return.png using Guid(287a8f44e28aa44408df4b48d8489112) Importer(815301076,1909f56bfc062723c751e8b465ee728b)  -> (artifact id: '7d06692510b89395f1880ef49540a47e') in 0.434924 seconds 
========================================================================
Received Import Request.
  Time since last request: 0.000029 seconds.
  path: Assets/Packages/Puzzle stage & settings GUI Pack/Image_orange/Text/0.png
  artifactKey: Guid(751654c6b8911a045bb5cf43c1fd5e3c) Importer(815301076,1909f56bfc062723c751e8b465ee728b)
Start importing Assets/Packages/Puzzle stage & settings GUI Pack/Image_orange/Text/0.png using Guid(751654c6b8911a045bb5cf43c1fd5e3c) Importer(815301076,1909f56bfc062723c751e8b465ee728b)  -> (artifact id: '419c306393f135d27b3ad51e8116b0f0') in 0.045196 seconds 
Editor requested this worker to shutdown with reason: Scaling down because of idle timeout
AssetImportWorker is now disconnected from the server
Process exiting
Exiting without the bug reporter. Application will terminate with return code 0